proguard/seeds.txt
com.gmail.tylercap4.jumpsumfree.HowToPage
com.gmail.tylercap4.jumpsumfree.HowToPage: HowToPage()
com.gmail.tylercap4.jumpsumfree.IndexedButton: int getRow()
com.gmail.tylercap4.jumpsumfree.IndexedButton: int getColumn()
com.gmail.tylercap4.jumpsumfree.JumpSum: JumpSum()
com.gmail.tylercap4.jumpsumfree.JumpSum7x5: JumpSum7x5()
com.gmail.tylercap4.jumpsumfree.JumpSum7x6: JumpSum7x6()
com.gmail.tylercap4.jumpsumfree.JumpSum7x7: JumpSum7x7()
com.gmail.tylercap4.jumpsumfree.JumpSum8x6: JumpSum8x6()
com.gmail.tylercap4.jumpsumfree.JumpSum8x7: JumpSum8x7()
com.gmail.tylercap4.jumpsumfree.JumpSumLevel1
com.gmail.tylercap4.jumpsumfree.JumpSumLevel1: JumpSumLevel1()
com.gmail.tylercap4.jumpsumfree.JumpSumLevel10
com.gmail.tylercap4.jumpsumfree.JumpSumLevel10: JumpSumLevel10()
com.gmail.tylercap4.jumpsumfree.JumpSumLevel11
com.gmail.tylercap4.jumpsumfree.JumpSumLevel11: JumpSumLevel11()
com.gmail.tylercap4.jumpsumfree.JumpSumLevel2
com.gmail.tylercap4.jumpsumfree.JumpSumLevel2: JumpSumLevel2()
com.gmail.tylercap4.jumpsumfree.JumpSumLevel3
com.gmail.tylercap4.jumpsumfree.JumpSumLevel3: JumpSumLevel3()
com.gmail.tylercap4.jumpsumfree.JumpSumLevel4
com.gmail.tylercap4.jumpsumfree.JumpSumLevel4: JumpSumLevel4()
com.gmail.tylercap4.jumpsumfree.JumpSumLevel5
com.gmail.tylercap4.jumpsumfree.JumpSumLevel5: JumpSumLevel5()
com.gmail.tylercap4.jumpsumfree.JumpSumLevel6
com.gmail.tylercap4.jumpsumfree.JumpSumLevel6: JumpSumLevel6()
com.gmail.tylercap4.jumpsumfree.JumpSumLevel7
com.gmail.tylercap4.jumpsumfree.JumpSumLevel7: JumpSumLevel7()
com.gmail.tylercap4.jumpsumfree.JumpSumLevel8
com.gmail.tylercap4.jumpsumfree.JumpSumLevel8: JumpSumLevel8()
com.gmail.tylercap4.jumpsumfree.JumpSumLevel9
com.gmail.tylercap4.jumpsumfree.JumpSumLevel9: JumpSumLevel9()
com.gmail.tylercap4.jumpsumfree.MainMenu
com.gmail.tylercap4.jumpsumfree.MainMenu: MainMenu()
com.gmail.tylercap4.jumpsumfree.R$attr: int adSize
com.gmail.tylercap4.jumpsumfree.R$attr: int adSizes
com.gmail.tylercap4.jumpsumfree.R$attr: int adUnitId
com.gmail.tylercap4.jumpsumfree.R$attr: int appTheme
com.gmail.tylercap4.jumpsumfree.R$attr: int auxiliary_view_position
com.gmail.tylercap4.jumpsumfree.R$attr: int buyButtonAppearance
com.gmail.tylercap4.jumpsumfree.R$attr: int buyButtonHeight
com.gmail.tylercap4.jumpsumfree.R$attr: int buyButtonText
com.gmail.tylercap4.jumpsumfree.R$attr: int buyButtonWidth
com.gmail.tylercap4.jumpsumfree.R$attr: int cameraBearing
com.gmail.tylercap4.jumpsumfree.R$attr: int cameraTargetLat
com.gmail.tylercap4.jumpsumfree.R$attr: int cameraTargetLng
com.gmail.tylercap4.jumpsumfree.R$attr: int cameraTilt
com.gmail.tylercap4.jumpsumfree.R$attr: int cameraZoom
com.gmail.tylercap4.jumpsumfree.R$attr: int circleCrop
com.gmail.tylercap4.jumpsumfree.R$attr: int confirm_logout
com.gmail.tylercap4.jumpsumfree.R$attr: int done_button_background
com.gmail.tylercap4.jumpsumfree.R$attr: int done_button_text
com.gmail.tylercap4.jumpsumfree.R$attr: int environment
com.gmail.tylercap4.jumpsumfree.R$attr: int extra_fields
com.gmail.tylercap4.jumpsumfree.R$attr: int fetch_user_info
com.gmail.tylercap4.jumpsumfree.R$attr: int foreground_color
com.gmail.tylercap4.jumpsumfree.R$attr: int fragmentMode
com.gmail.tylercap4.jumpsumfree.R$attr: int fragmentStyle
com.gmail.tylercap4.jumpsumfree.R$attr: int horizontal_alignment
...
com.google.android.gms.internal.ms
com.google.android.gms.internal.ms: android.os.Parcelable$Creator CREATOR
com.google.android.gms.internal.nd
com.google.android.gms.internal.nd: com.google.android.gms.internal.ne CREATOR
com.google.android.gms.internal.nl
com.google.android.gms.internal.nl: com.google.android.gms.internal.nm CREATOR
com.google.android.gms.internal.nn
com.google.android.gms.internal.nn: com.google.android.gms.internal.no CREATOR
com.google.android.gms.internal.nq
com.google.android.gms.internal.nq: com.google.android.gms.internal.nr CREATOR
com.google.android.gms.internal.ns
com.google.android.gms.internal.ns: com.google.android.gms.internal.nt CREATOR
com.google.android.gms.internal.nu
com.google.android.gms.internal.nu: com.google.android.gms.internal.nv CREATOR
com.google.android.gms.internal.nw
com.google.android.gms.internal.nw: com.google.android.gms.internal.nx CREATOR
com.google.android.gms.internal.ny
com.google.android.gms.internal.ny: com.google.android.gms.internal.nz CREATOR
com.google.android.gms.internal.oa
com.google.android.gms.internal.oa: com.google.android.gms.internal.ob CREATOR
com.google.android.gms.internal.oc
com.google.android.gms.internal.oc: android.os.Parcelable$Creator CREATOR
com.google.android.gms.internal.oe
com.google.android.gms.internal.oe: com.google.android.gms.internal.of CREATOR
com.google.android.gms.internal.oh
com.google.android.gms.internal.oh: com.google.android.gms.internal.oi CREATOR
com.google.android.gms.internal.or
com.google.android.gms.internal.or: com.google.android.gms.internal.ot CREATOR
com.google.android.gms.internal.ov
com.google.android.gms.internal.ov: com.google.android.gms.internal.ow CREATOR
com.google.android.gms.internal.pd
com.google.android.gms.internal.pd: com.google.android.gms.internal.pe CREATOR
com.google.android.gms.internal.pf
com.google.android.gms.internal.pf: com.google.android.gms.internal.pg CREATOR
com.google.android.gms.internal.pi
com.google.android.gms.internal.pi: com.google.android.gms.internal.pj CREATOR
com.google.android.gms.internal.pi$a
com.google.android.gms.internal.pi$a: com.google.android.gms.internal.pk CREATOR
com.google.android.gms.internal.pi$b
com.google.android.gms.internal.pi$b: com.google.android.gms.internal.pl CREATOR
com.google.android.gms.internal.pi$b$a
com.google.android.gms.internal.pi$b$a: com.google.android.gms.internal.pm CREATOR
com.google.android.gms.internal.pi$b$b
com.google.android.gms.internal.pi$b$b: com.google.android.gms.internal.pn CREATOR
com.google.android.gms.internal.pi$c
com.google.android.gms.internal.pi$c: com.google.android.gms.internal.po CREATOR
com.google.android.gms.internal.pi$d
com.google.android.gms.internal.pi$d: com.google.android.gms.internal.pp CREATOR
com.google.android.gms.internal.pi$f
com.google.android.gms.internal.pi$f: com.google.android.gms.internal.pq CREATOR
com.google.android.gms.internal.pi$g
com.google.android.gms.internal.pi$g: com.google.android.gms.internal.pr CREATOR
com.google.android.gms.internal.pi$h
com.google.android.gms.internal.pi$h: com.google.android.gms.internal.ps CREATOR
com.google.android.gms.internal.pw
com.google.android.gms.internal.pw: android.os.Parcelable$Creator CREATOR
com.google.android.gms.internal.py
com.google.android.gms.internal.py: android.os.Parcelable$Creator CREATOR
com.google.android.gms.internal.y
com.google.android.gms.internal.y: com.google.android.gms.internal.z CREATOR
com.google.android.gms.location.ActivityRecognitionResult
com.google.android.gms.location.ActivityRecognitionResult: com.google.android.gms.location.ActivityRecognitionResultCreator CREATOR
com.google.android.gms.location.DetectedActivity
com.google.android.gms.location.DetectedActivity: com.google.android.gms.location.DetectedActivityCreator CREATOR
com.google.android.gms.location.GeofencingRequest
com.google.android.gms.location.GeofencingRequest: android.os.Parcelable$Creator CREATOR