proguard/mapping.txt
com.gmail.tylercap4.jumpsumfree.HowToPage -> com.gmail.tylercap4.jumpsumfree.HowToPage:
    com.google.android.gms.ads.AdView adMobView -> a
    void onCreate(android.os.Bundle) -> onCreate
    void onResume() -> onResume
    void onDestroy() -> onDestroy
    void onPause() -> onPause
    boolean onOptionsItemSelected(android.view.MenuItem) -> onOptionsItemSelected
com.gmail.tylercap4.jumpsumfree.IndexedButton -> com.gmail.tylercap4.jumpsumfree.a:
    int row -> a
    int column -> b
    int getRow() -> getRow
    int getColumn() -> getColumn
    boolean performClick() -> performClick
com.gmail.tylercap4.jumpsumfree.JumpSum -> com.gmail.tylercap4.jumpsumfree.b:
    int RC_SIGN_IN -> f
    int REQUEST_LEADERBOARD -> a
    com.google.android.gms.ads.InterstitialAd adMobInterstitial -> g
    com.google.android.gms.ads.AdView adMobView -> h
    com.google.android.gms.common.api.GoogleApiClient mGoogleApiClient -> b
    boolean mResolvingConnectionFailure -> i
    boolean mSignInClicked -> j
    int text_color -> k
    int high_score -> l
    int[][] widget_ids -> c
    int[][] gameboard -> d
    com.gmail.tylercap4.jumpsumfree.IndexedButton[][] widgets -> e
    boolean game_over -> m
    boolean current_drag -> n
    com.facebook.UiLifecycleHelper uiHelper -> o
    int getRows() -> a
    int getColumns() -> b
    java.lang.String getGameValsKey() -> c
    java.lang.String getHighScoreKey() -> d
    void setCorrectContentView() -> e
    void initWidgetIds() -> f
    void doNewGame() -> g
    void updateAdditionalAchievements(int) -> a
    void showLeaderboard() -> h
    int getLevelNumber() -> i
    void onCreate(android.os.Bundle) -> onCreate
    void onStart() -> onStart
    void reloadSignIn() -> o
    boolean onOptionsItemSelected(android.view.MenuItem) -> onOptionsItemSelected
    void onConnected(android.os.Bundle) -> a
    void onConnectionSuspended(int) -> b
    void onConnectionFailed(com.google.android.gms.common.ConnectionResult) -> a
    void onActivityResult(int,int,android.content.Intent) -> onActivityResult
com.gmail.tylercap4.jumpsumfree.JumpSum$1 -> com.gmail.tylercap4.jumpsumfree.c:
    com.gmail.tylercap4.jumpsumfree.JumpSum this$0 -> a
    void onClick(android.view.View) -> onClick
com.gmail.tylercap4.jumpsumfree.JumpSum$2 -> com.gmail.tylercap4.jumpsumfree.d:
    com.gmail.tylercap4.jumpsumfree.JumpSum this$0 -> a
    void onClick(android.view.View) -> onClick
com.gmail.tylercap4.jumpsumfree.JumpSum$3 -> com.gmail.tylercap4.jumpsumfree.e:
    com.gmail.tylercap4.jumpsumfree.JumpSum this$0 -> a
    void onClick(android.view.View) -> onClick
com.gmail.tylercap4.jumpsumfree.JumpSum$4 -> com.gmail.tylercap4.jumpsumfree.f:
    com.gmail.tylercap4.jumpsumfree.JumpSum this$0 -> a
    void onClick(android.view.View) -> onClick
com.gmail.tylercap4.jumpsumfree.JumpSum$5 -> com.gmail.tylercap4.jumpsumfree.g:
    com.gmail.tylercap4.jumpsumfree.JumpSum this$0 -> a
    void onClick(android.view.View) -> onClick
com.gmail.tylercap4.jumpsumfree.JumpSum$6 -> com.gmail.tylercap4.jumpsumfree.h:
    com.gmail.tylercap4.jumpsumfree.JumpSum this$0 -> a
    void onError(com.facebook.widget.FacebookDialog$PendingCall,java.lang.Exception,android.os.Bundle) -> onError
    void onComplete(com.facebook.widget.FacebookDialog$PendingCall,android.os.Bundle) -> onComplete
com.gmail.tylercap4.jumpsumfree.JumpSum$CheckGameOverTask -> com.gmail.tylercap4.jumpsumfree.i:
    com.gmail.tylercap4.jumpsumfree.JumpSum this$0 -> a
    java.lang.Integer doInBackground(java.lang.Integer[]) -> a
    void onPostExecute(java.lang.Integer) -> a
    void onPostExecute(java.lang.Object) -> onPostExecute
    java.lang.Object doInBackground(java.lang.Object[]) -> doInBackground
...
com.google.android.gms.internal.cy$a -> com.google.android.gms.internal.ef:
    com.google.android.gms.internal.cy n(android.os.IBinder) -> a
    android.os.IBinder asBinder() -> asBinder
    boolean onTransact(int,android.os.Parcel,android.os.Parcel,int) -> onTransact
com.google.android.gms.internal.cy$a$a -> com.google.android.gms.internal.eg:
    android.os.IBinder le -> a
    android.os.IBinder asBinder() -> asBinder
    com.google.android.gms.internal.cz x(java.lang.String) -> a
    boolean y(java.lang.String) -> b
com.google.android.gms.internal.cz -> com.google.android.gms.internal.eh:
    void a(com.google.android.gms.dynamic.d,com.google.android.gms.internal.ay,com.google.android.gms.internal.av,java.lang.String,com.google.android.gms.internal.da) -> a
    com.google.android.gms.dynamic.d getView() -> a
    void a(com.google.android.gms.dynamic.d,com.google.android.gms.internal.av,java.lang.String,com.google.android.gms.internal.da) -> a
    void showInterstitial() -> b
    void destroy() -> c
    void a(com.google.android.gms.dynamic.d,com.google.android.gms.internal.ay,com.google.android.gms.internal.av,java.lang.String,java.lang.String,com.google.android.gms.internal.da) -> a
    void a(com.google.android.gms.dynamic.d,com.google.android.gms.internal.av,java.lang.String,java.lang.String,com.google.android.gms.internal.da) -> a
    void pause() -> d
    void resume() -> e
com.google.android.gms.internal.cz$a -> com.google.android.gms.internal.ei:
    com.google.android.gms.internal.cz o(android.os.IBinder) -> a
    android.os.IBinder asBinder() -> asBinder
    boolean onTransact(int,android.os.Parcel,android.os.Parcel,int) -> onTransact
com.google.android.gms.internal.cz$a$a -> com.google.android.gms.internal.ej:
    android.os.IBinder le -> a
    android.os.IBinder asBinder() -> asBinder
    void a(com.google.android.gms.dynamic.d,com.google.android.gms.internal.ay,com.google.android.gms.internal.av,java.lang.String,com.google.android.gms.internal.da) -> a
    com.google.android.gms.dynamic.d getView() -> a
    void a(com.google.android.gms.dynamic.d,com.google.android.gms.internal.av,java.lang.String,com.google.android.gms.internal.da) -> a
    void showInterstitial() -> b
    void destroy() -> c
    void a(com.google.android.gms.dynamic.d,com.google.android.gms.internal.ay,com.google.android.gms.internal.av,java.lang.String,java.lang.String,com.google.android.gms.internal.da) -> a
    void a(com.google.android.gms.dynamic.d,com.google.android.gms.internal.av,java.lang.String,java.lang.String,com.google.android.gms.internal.da) -> a
    void pause() -> d
    void resume() -> e
com.google.android.gms.internal.da -> com.google.android.gms.internal.ek:
    void onAdClicked() -> a
    void onAdClosed() -> b
    void onAdFailedToLoad(int) -> a
    void onAdLeftApplication() -> c
    void onAdOpened() -> d
    void onAdLoaded() -> e
com.google.android.gms.internal.da$a -> com.google.android.gms.internal.el:
    com.google.android.gms.internal.da p(android.os.IBinder) -> a
    android.os.IBinder asBinder() -> asBinder
    boolean onTransact(int,android.os.Parcel,android.os.Parcel,int) -> onTransact
com.google.android.gms.internal.da$a$a -> com.google.android.gms.internal.em:
    android.os.IBinder le -> a
    android.os.IBinder asBinder() -> asBinder
    void onAdClicked() -> a
    void onAdClosed() -> b
    void onAdFailedToLoad(int) -> a
    void onAdLeftApplication() -> c
    void onAdOpened() -> d
    void onAdLoaded() -> e
com.google.android.gms.internal.db -> com.google.android.gms.internal.en:
    java.util.Date d -> a
    int ow -> b
    java.util.Set f -> c
    boolean g -> d
    android.location.Location h -> e
    int qU -> f
    java.util.Date getBirthday() -> a
    int getGender() -> b
    java.util.Set getKeywords() -> c
    android.location.Location getLocation() -> d
    boolean isTesting() -> e