proguard/usage.txt
com.gmail.tylercap4.jumpsumfree.BuildConfig
com.gmail.tylercap4.jumpsumfree.JumpSum:
    protected static final java.lang.String TAG
    private static final java.lang.String SIGNED_IN_KEY
com.gmail.tylercap4.jumpsumfree.JumpSum7x5:
    private static final int ROWS
    private static final int COLUMNS
com.gmail.tylercap4.jumpsumfree.JumpSum7x6:
    private static final int ROWS
    private static final int COLUMNS
com.gmail.tylercap4.jumpsumfree.JumpSum7x7:
    private static final int ROWS
    private static final int COLUMNS
com.gmail.tylercap4.jumpsumfree.JumpSum8x6:
    private static final int ROWS
    private static final int COLUMNS
com.gmail.tylercap4.jumpsumfree.JumpSum8x7:
    private static final int ROWS
    private static final int COLUMNS
com.gmail.tylercap4.jumpsumfree.JumpSumLevel1:
    private static final java.lang.String HIGH_SCORE_KEY
    private static final java.lang.String GAME_VALUES_KEY
com.gmail.tylercap4.jumpsumfree.JumpSumLevel10:
    private static final java.lang.String HIGH_SCORE_KEY
    private static final java.lang.String GAME_VALUES_KEY
com.gmail.tylercap4.jumpsumfree.JumpSumLevel11:
    private static final java.lang.String HIGH_SCORE_KEY
    private static final java.lang.String GAME_VALUES_KEY
com.gmail.tylercap4.jumpsumfree.JumpSumLevel2:
    private static final java.lang.String HIGH_SCORE_KEY
    private static final java.lang.String GAME_VALUES_KEY
com.gmail.tylercap4.jumpsumfree.JumpSumLevel3:
    private static final java.lang.String HIGH_SCORE_KEY
    private static final java.lang.String GAME_VALUES_KEY
com.gmail.tylercap4.jumpsumfree.JumpSumLevel4:
    private static final java.lang.String HIGH_SCORE_KEY
    private static final java.lang.String GAME_VALUES_KEY
com.gmail.tylercap4.jumpsumfree.JumpSumLevel5:
    private static final java.lang.String HIGH_SCORE_KEY
    private static final java.lang.String GAME_VALUES_KEY
com.gmail.tylercap4.jumpsumfree.JumpSumLevel6:
    private static final java.lang.String HIGH_SCORE_KEY
    private static final java.lang.String GAME_VALUES_KEY
com.gmail.tylercap4.jumpsumfree.JumpSumLevel7:
    private static final java.lang.String HIGH_SCORE_KEY
    private static final java.lang.String GAME_VALUES_KEY
com.gmail.tylercap4.jumpsumfree.JumpSumLevel8:
    private static final java.lang.String HIGH_SCORE_KEY
    private static final java.lang.String GAME_VALUES_KEY
com.gmail.tylercap4.jumpsumfree.JumpSumLevel9:
    private static final java.lang.String HIGH_SCORE_KEY
    private static final java.lang.String GAME_VALUES_KEY
com.gmail.tylercap4.jumpsumfree.MainMenu:
    private static final java.lang.String SIGNED_IN_KEY
com.gmail.tylercap4.jumpsumfree.R
com.gmail.tylercap4.jumpsumfree.R$attr
com.gmail.tylercap4.jumpsumfree.R$color
com.gmail.tylercap4.jumpsumfree.R$dimen
com.gmail.tylercap4.jumpsumfree.R$drawable
com.gmail.tylercap4.jumpsumfree.R$id
com.gmail.tylercap4.jumpsumfree.R$integer
com.gmail.tylercap4.jumpsumfree.R$layout
com.gmail.tylercap4.jumpsumfree.R$raw
com.gmail.tylercap4.jumpsumfree.R$string
com.gmail.tylercap4.jumpsumfree.R$style
com.gmail.tylercap4.jumpsumfree.R$styleable
com.gmail.tylercap4.jumpsumfree.basegameutils.BaseGameActivity
com.gmail.tylercap4.jumpsumfree.basegameutils.BaseGameUtils:
    15:15:public BaseGameUtils()
    78:104:public static varargs boolean verifySampleSetup(android.app.Activity,int[])
    172:172:public static android.app.Dialog makeSimpleDialog(android.app.Activity,java.lang.String,java.lang.String)
com.gmail.tylercap4.jumpsumfree.basegameutils.GameHelper
com.gmail.tylercap4.jumpsumfree.basegameutils.GameHelper$1
com.gmail.tylercap4.jumpsumfree.basegameutils.GameHelper$GameHelperListener
com.gmail.tylercap4.jumpsumfree.basegameutils.GameHelper$SignInFailureReason
com.gmail.tylercap4.jumpsumfree.basegameutils.GameHelperUtils
...
com.google.android.gms.wallet.fragment.SupportWalletFragment$c
com.google.android.gms.wallet.fragment.WalletFragment
com.google.android.gms.wallet.fragment.WalletFragment$1
com.google.android.gms.wallet.fragment.WalletFragment$OnStateChangedListener
com.google.android.gms.wallet.fragment.WalletFragment$a
com.google.android.gms.wallet.fragment.WalletFragment$b
com.google.android.gms.wallet.fragment.WalletFragment$c
com.google.android.gms.wallet.fragment.WalletFragmentInitParams:
    public static com.google.android.gms.wallet.fragment.WalletFragmentInitParams$Builder newBuilder()
    static synthetic java.lang.String a(com.google.android.gms.wallet.fragment.WalletFragmentInitParams,java.lang.String)
    static synthetic com.google.android.gms.wallet.MaskedWalletRequest a(com.google.android.gms.wallet.fragment.WalletFragmentInitParams,com.google.android.gms.wallet.MaskedWalletRequest)
    static synthetic int a(com.google.android.gms.wallet.fragment.WalletFragmentInitParams,int)
    static synthetic com.google.android.gms.wallet.MaskedWallet a(com.google.android.gms.wallet.fragment.WalletFragmentInitParams,com.google.android.gms.wallet.MaskedWallet)
    static synthetic com.google.android.gms.wallet.MaskedWallet a(com.google.android.gms.wallet.fragment.WalletFragmentInitParams)
    static synthetic com.google.android.gms.wallet.MaskedWalletRequest b(com.google.android.gms.wallet.fragment.WalletFragmentInitParams)
    static synthetic int c(com.google.android.gms.wallet.fragment.WalletFragmentInitParams)
com.google.android.gms.wallet.fragment.WalletFragmentInitParams$1
com.google.android.gms.wallet.fragment.WalletFragmentInitParams$Builder
com.google.android.gms.wallet.fragment.WalletFragmentMode
com.google.android.gms.wallet.fragment.WalletFragmentOptions:
    public static com.google.android.gms.wallet.fragment.WalletFragmentOptions$Builder newBuilder()
    public void ab(android.content.Context)
    public static com.google.android.gms.wallet.fragment.WalletFragmentOptions a(android.content.Context,android.util.AttributeSet)
    static synthetic int a(com.google.android.gms.wallet.fragment.WalletFragmentOptions,int)
    static synthetic int b(com.google.android.gms.wallet.fragment.WalletFragmentOptions,int)
    static synthetic com.google.android.gms.wallet.fragment.WalletFragmentStyle a(com.google.android.gms.wallet.fragment.WalletFragmentOptions,com.google.android.gms.wallet.fragment.WalletFragmentStyle)
    static synthetic int c(com.google.android.gms.wallet.fragment.WalletFragmentOptions,int)
com.google.android.gms.wallet.fragment.WalletFragmentOptions$1
com.google.android.gms.wallet.fragment.WalletFragmentOptions$Builder
com.google.android.gms.wallet.fragment.WalletFragmentState